<?xml version="1.0" encoding="UTF-8"?>
<!-- Generated by org.testng.reporters.JUnitXMLReporter -->
<testsuite ignored="0" hostname="DESKTOP-8GQ3KA3" failures="0" tests="7" name="Default test" time="31.818" errors="0" timestamp="2025-01-31T15:24:00 IST">
  <testcase classname="testng.P8_EbayTestNGDataProviderExcelXMLLevel" name="browserSettings" time="0.324"/>
  <testcase classname="testng.P8_EbayTestNGDataProviderExcelXMLLevel" name="navigateURL" time="2.865"/>
  <testcase classname="testng.P8_EbayTestNGDataProviderExcelXMLLevel" name="getPageInfo" time="0.174"/>
  <testcase classname="testng.P8_EbayTestNGDataProviderExcelXMLLevel" name="productSearch" time="4.365"/>
  <testcase classname="testng.P8_EbayTestNGDataProviderExcelXMLLevel" name="productSearch" time="5.017"/>
  <testcase classname="testng.P8_EbayTestNGDataProviderExcelXMLLevel" name="productSearch" time="9.126"/>
  <testcase classname="testng.P8_EbayTestNGDataProviderExcelXMLLevel" name="validateSearchResult" time="1.71"/>
</testsuite> <!-- Default test -->
