<?xml version="1.0" encoding="UTF-8"?>
<!-- Generated by org.testng.reporters.JUnitXMLReporter -->
<testsuite ignored="0" hostname="DESKTOP-8GQ3KA3" failures="0" tests="7" name="Test" time="49.933" errors="0" timestamp="2025-01-31T14:45:36 IST">
  <testcase classname="testng.P7_EbayTestNGDataProviderXMLLevel" name="browserSettings" time="0.476"/>
  <testcase classname="testng.P7_EbayTestNGDataProviderXMLLevel" name="navigateURL" time="0.616"/>
  <testcase classname="testng.P7_EbayTestNGDataProviderXMLLevel" name="getPageInfo" time="3.72"/>
  <testcase classname="testng.P7_EbayTestNGDataProviderXMLLevel" name="productSearch" time="6.519"/>
  <testcase classname="testng.P7_EbayTestNGDataProviderXMLLevel" name="productSearch" time="12.181"/>
  <testcase classname="testng.P7_EbayTestNGDataProviderXMLLevel" name="productSearch" time="9.3"/>
  <testcase classname="testng.P7_EbayTestNGDataProviderXMLLevel" name="validateSearchResult" time="5.471"/>
</testsuite> <!-- Test -->
