<?xml version="1.0" encoding="UTF-8"?>
<testng-results ignored="0" total="7" passed="7" failed="0" skipped="0">
  <reporter-output>
  </reporter-output>
  <suite started-at="2025-01-31T15:23:29 IST" name="Default suite" finished-at="2025-01-31T15:24:00 IST" duration-ms="31818">
    <groups>
    </groups>
    <test started-at="2025-01-31T15:23:29 IST" name="Default test" finished-at="2025-01-31T15:24:00 IST" duration-ms="31818">
      <class name="testng.P8_EbayTestNGDataProviderExcelXMLLevel">
        <test-method is-config="true" signature="invokeBrowser(int)[pri:0, instance:testng.P8_EbayTestNGDataProviderExcelXMLLevel@312aa7c]" started-at="2025-01-31T15:23:29 IST" name="invokeBrowser" finished-at="2025-01-31T15:23:32 IST" duration-ms="3666" status="PASS">
          <params>
            <param index="0">
              <value>
                <![CDATA[2]]>
              </value>
            </param>
          </params>
          <reporter-output>
          </reporter-output>
        </test-method> <!-- invokeBrowser -->
        <test-method signature="browserSettings()[pri:1, instance:testng.P8_EbayTestNGDataProviderExcelXMLLevel@312aa7c]" started-at="2025-01-31T15:23:32 IST" name="browserSettings" finished-at="2025-01-31T15:23:33 IST" duration-ms="324" status="PASS">
          <reporter-output>
          </reporter-output>
        </test-method> <!-- browserSettings -->
        <test-method signature="navigateURL()[pri:2, instance:testng.P8_EbayTestNGDataProviderExcelXMLLevel@312aa7c]" started-at="2025-01-31T15:23:33 IST" name="navigateURL" finished-at="2025-01-31T15:23:36 IST" duration-ms="2865" status="PASS">
          <reporter-output>
          </reporter-output>
        </test-method> <!-- navigateURL -->
        <test-method signature="getPageInfo()[pri:3, instance:testng.P8_EbayTestNGDataProviderExcelXMLLevel@312aa7c]" started-at="2025-01-31T15:23:36 IST" name="getPageInfo" finished-at="2025-01-31T15:23:36 IST" duration-ms="174" status="PASS">
          <reporter-output>
          </reporter-output>
        </test-method> <!-- getPageInfo -->
        <test-method signature="productSearch(java.lang.String,java.lang.String)[pri:4, instance:testng.P8_EbayTestNGDataProviderExcelXMLLevel@312aa7c]" started-at="2025-01-31T15:23:38 IST" name="productSearch" data-provider="SearchData" finished-at="2025-01-31T15:23:43 IST" duration-ms="4365" status="PASS">
          <params>
            <param index="0">
              <value>
                <![CDATA[iPhone]]>
              </value>
            </param>
            <param index="1">
              <value>
                <![CDATA[Cell Phones & Accessories]]>
              </value>
            </param>
          </params>
          <reporter-output>
          </reporter-output>
        </test-method> <!-- productSearch -->
        <test-method signature="productSearch(java.lang.String,java.lang.String)[pri:4, instance:testng.P8_EbayTestNGDataProviderExcelXMLLevel@312aa7c]" started-at="2025-01-31T15:23:43 IST" name="productSearch" data-provider="SearchData" finished-at="2025-01-31T15:23:48 IST" duration-ms="5017" status="PASS">
          <params>
            <param index="0">
              <value>
                <![CDATA[Cricket]]>
              </value>
            </param>
            <param index="1">
              <value>
                <![CDATA[Books & Magazines]]>
              </value>
            </param>
          </params>
          <reporter-output>
          </reporter-output>
        </test-method> <!-- productSearch -->
        <test-method signature="productSearch(java.lang.String,java.lang.String)[pri:4, instance:testng.P8_EbayTestNGDataProviderExcelXMLLevel@312aa7c]" started-at="2025-01-31T15:23:48 IST" name="productSearch" data-provider="SearchData" finished-at="2025-01-31T15:23:57 IST" duration-ms="9126" status="PASS">
          <params>
            <param index="0">
              <value>
                <![CDATA[T-Shirt]]>
              </value>
            </param>
            <param index="1">
              <value>
                <![CDATA[Clothing, Shoes & Accessories]]>
              </value>
            </param>
          </params>
          <reporter-output>
          </reporter-output>
        </test-method> <!-- productSearch -->
        <test-method signature="validateSearchResult()[pri:5, instance:testng.P8_EbayTestNGDataProviderExcelXMLLevel@312aa7c]" started-at="2025-01-31T15:23:57 IST" name="validateSearchResult" finished-at="2025-01-31T15:23:58 IST" duration-ms="1710" status="PASS">
          <reporter-output>
          </reporter-output>
        </test-method> <!-- validateSearchResult -->
        <test-method is-config="true" signature="closeBrowser()[pri:0, instance:testng.P8_EbayTestNGDataProviderExcelXMLLevel@312aa7c]" started-at="2025-01-31T15:23:59 IST" name="closeBrowser" finished-at="2025-01-31T15:24:00 IST" duration-ms="1934" status="PASS">
          <reporter-output>
          </reporter-output>
        </test-method> <!-- closeBrowser -->
      </class> <!-- testng.P8_EbayTestNGDataProviderExcelXMLLevel -->
    </test> <!-- Default test -->
  </suite> <!-- Default suite -->
</testng-results>
